  compile_error.cpp
c:\users\ben\source\repos\project1\project1compileerror\project1compileerror\compile_error.cpp(20): error C2065: 'pctDogs': undeclared identifier
c:\users\ben\source\repos\project1\project1compileerror\project1compileerror\compile_error.cpp(26): error C2065: 'pctDogs': undeclared identifier
c:\users\ben\source\repos\project1\project1compileerror\project1compileerror\compile_error.cpp(29): error C2065: 'pctDogs': undeclared identifier
